[오후 11:37] [INFO] start
[오후 11:37] [INFO] SEVER ON PORT 3000
[오후 11:40] [INFO] SEVER ON PORT 3000
[오후 11:41] [INFO] SEVER ON PORT 3000
[오후 11:42] [INFO] SEVER ON PORT 3000
[오후 11:43] [INFO] SEVER ON PORT 3000
[오후 11:46] [34m[INFO][39m SEVER ON PORT 3000
[오후 11:47] [44m[INFO][49m SEVER ON PORT 3000
[오후 11:48] [34m[7m[INFO][27m[39m SEVER ON PORT 3000
[오후 11:49] [34m[7m[INFO][27m[39m SEVER ON PORT 3000
[34m[7m[INFO][27m[39m [오후 11:51] SEVER ON PORT 3000
[34m[7m[INFO][27m[39m [오후 11:55] SEVER ON PORT 3000
[34m[7m[INFO][27m[39m [오후 11:56] SEVER ON PORT 3000
[34m[7m[INFO][27m[39m [오후 11:56] SEVER ON PORT 3000
[31m[7m[ERROR][27m[39m [오후 11:56] SEVER ON PORT 3000
[31m[7m[ERROR][27m[39m [오후 11:57] SEVER ON PORT 3000
[33m[7m[WARN][27m[39m [오후 11:57] SEVER ON PORT 3000
[31m[7m[ERROR][27m[39m [오후 11:57] SEVER ON PORT 3000
[33m[7m[WARN][27m[39m [오후 11:57] SEVER ON PORT 3000
[31m[7m[ERROR][27m[39m [[90m오후 11:58[39m] SEVER ON PORT 3000
[33m[7m[WARN][27m[39m [[90m오후 11:58[39m] SEVER ON PORT 3000
[31m[7m[ERROR][27m[39m [[90m[1m오후 11:58[22m[39m] SEVER ON PORT 3000
[33m[7m[WARN][27m[39m [[90m[1m오후 11:58[22m[39m] SEVER ON PORT 3000
[31m[7m[ERROR][27m[39m [오후 11:59] SEVER ON PORT 3000
[33m[7m[WARN][27m[39m [오후 11:59] SEVER ON PORT 3000
[34m[7m[INFO][27m[39m [오후 11:59] SEVER ON PORT 3000
[34m[7m[INFO][27m[39m [오후 03:50] SEVER ON PORT 3000
[34m[7m[INFO][27m[39m [오후 03:54] SEVER ON PORT 3000
[34m[7m[INFO][27m[39m [오후 04:01] SEVER ON PORT 3000
[34m[7m[INFO][27m[39m [오후 04:02] SEVER ON PORT 3000
[34m[7m[INFO][27m[39m [오후 04:07] SEVER ON PORT 3000
[34m[7m[INFO][27m[39m [오후 11:45] SEVER ON PORT 3000
[34m[7m[INFO][27m[39m [오후 08:05] SEVER ON PORT 3000
[34m[7m[INFO][27m[39m [오전 12:30] SEVER ON PORT 3000
[34m[7m[INFO][27m[39m [오전 12:40] SEVER ON PORT 3000
[34m[7m[INFO][27m[39m [오전 12:41] SEVER ON PORT 3000
[34m[7m[INFO][27m[39m [오전 12:43] SEVER ON PORT 3000
[34m[7m[INFO][27m[39m [오후 03:39] SEVER ON PORT 3000
[34m[7m[INFO][27m[39m [오후 03:41] SEVER ON PORT 3000
[34m[7m[INFO][27m[39m [오후 03:45] SEVER ON PORT 3000
[34m[7m[INFO][27m[39m [오후 03:45] SEVER ON PORT 3000
[34m[7m[INFO][27m[39m [오후 03:46] SEVER ON PORT 3000
[34m[7m[INFO][27m[39m [오후 03:59] SEVER ON PORT 3000
[34m[7m[INFO][27m[39m [오후 04:13] SEVER ON PORT 3000
[34m[7m[INFO][27m[39m [오후 04:24] SEVER ON PORT 3000
[34m[7m[INFO][27m[39m [오후 04:34] SEVER ON PORT 3000
[34m[7m[INFO][27m[39m [오후 04:41] SEVER ON PORT 3000
[34m[7m[INFO][27m[39m [오후 04:51] SEVER ON PORT 3000
[34m[7m[INFO][27m[39m [오후 05:05] SEVER ON PORT 3000
[34m[7m[INFO][27m[39m [오후 05:13] SEVER ON PORT 3000
[34m[7m[INFO][27m[39m [오후 05:15] SEVER ON PORT 3000
[34m[7m[INFO][27m[39m [오후 05:15] SEVER ON PORT 3000
[34m[7m[INFO][27m[39m [오후 05:16] SEVER ON PORT 3000
[34m[7m[INFO][27m[39m [오후 05:17] SEVER ON PORT 3000
[34m[7m[INFO][27m[39m [오후 05:29] SEVER ON PORT 3000
[34m[7m[INFO][27m[39m [오후 05:45] SEVER ON PORT 3000
[34m[7m[INFO][27m[39m [오전 12:33] SEVER ON PORT 3000
[34m[7m[INFO][27m[39m [오전 12:35] SEVER ON PORT 3000
[34m[7m[INFO][27m[39m [오전 12:51] SEVER ON PORT 3000
[34m[7m[INFO][27m[39m [오전 12:54] SEVER ON PORT 3000
[34m[7m[INFO][27m[39m [오전 12:55] SEVER ON PORT 3000
[34m[7m[INFO][27m[39m [오전 12:57] SEVER ON PORT 3000
[34m[7m[INFO][27m[39m [오전 12:58] SEVER ON PORT 3000
[34m[7m[INFO][27m[39m [오전 01:00] SEVER ON PORT 3000
[34m[7m[INFO][27m[39m [오전 01:03] SEVER ON PORT 3000
[34m[7m[INFO][27m[39m [오전 01:06] SEVER ON PORT 3000
[34m[7m[INFO][27m[39m [오전 01:06] SEVER ON PORT 3000
[34m[7m[INFO][27m[39m [오전 01:20] SEVER ON PORT 3000
[34m[7m[INFO][27m[39m [오전 01:38] SEVER ON PORT 3000
[34m[7m[INFO][27m[39m [오전 01:38] SEVER ON PORT 3000
[34m[7m[INFO][27m[39m [오전 01:40] SEVER ON PORT 3000
[34m[7m[INFO][27m[39m [오전 01:44] SEVER ON PORT 3000
[34m[7m[INFO][27m[39m [오전 01:45] SEVER ON PORT 3000
[34m[7m[INFO][27m[39m [오전 01:46] SEVER ON PORT 3000
[34m[7m[INFO][27m[39m [오전 01:47] SEVER ON PORT 3000
[34m[7m[INFO][27m[39m [오전 01:48] SEVER ON PORT 3000
[34m[7m[INFO][27m[39m [오전 01:49] SEVER ON PORT 3000
[34m[7m[INFO][27m[39m [오전 01:51] SEVER ON PORT 3000
[34m[7m[INFO][27m[39m [오전 10:12] SEVER ON PORT 3000
[34m[7m[INFO][27m[39m [오전 10:15] SEVER ON PORT 3000
[34m[7m[INFO][27m[39m [오전 10:17] SEVER ON PORT 3000
[34m[7m[INFO][27m[39m [오전 10:35] SEVER ON PORT 3000
[34m[7m[INFO][27m[39m [오전 11:27] SEVER ON PORT 3000
[34m[7m[INFO][27m[39m [오후 12:36] SEVER ON PORT 3000
[34m[7m[INFO][27m[39m [오후 12:39] SEVER ON PORT 3000
[34m[7m[INFO][27m[39m [오후 12:42] SEVER ON PORT 3000
[34m[7m[INFO][27m[39m [오후 12:46] SEVER ON PORT 3000
[34m[7m[INFO][27m[39m [오후 12:54] SEVER ON PORT 3000
[34m[7m[INFO][27m[39m [오후 01:14] SEVER ON PORT 3000
[34m[7m[INFO][27m[39m [오후 01:16] SEVER ON PORT 3000
[34m[7m[INFO][27m[39m [오후 01:19] SEVER ON PORT 3000
[34m[7m[INFO][27m[39m [오후 01:25] SEVER ON PORT 3000
[34m[7m[INFO][27m[39m [오후 01:26] SEVER ON PORT 3000
[34m[7m[INFO][27m[39m [오후 01:27] SEVER ON PORT 3000
[34m[7m[INFO][27m[39m [오후 01:28] SEVER ON PORT 3000
[34m[7m[INFO][27m[39m [오후 01:33] SEVER ON PORT 3000
[34m[7m[INFO][27m[39m [오후 02:20] SEVER ON PORT 3000
[34m[7m[INFO][27m[39m [오후 02:26] SEVER ON PORT 3000
[34m[7m[INFO][27m[39m [오후 03:39] SEVER ON PORT 3000
[34m[7m[INFO][27m[39m [오후 03:40] SEVER ON PORT 3000
